<?xml version="1.0" encoding="UTF-8"?>
<!-- Generated by org.testng.reporters.JUnitXMLReporter -->
<testsuite ignored="0" hostname="DESKTOP-REFGLCR" failures="0" tests="5" name="ChromeTest" time="29.579" errors="0" timestamp="2024-06-28T17:28:17 IST">
  <testcase classname="docker.DockerTest" name="openAmazon" time="4.916"/>
  <testcase classname="docker.DockerTest2" name="openAmazon" time="5.618"/>
  <testcase classname="docker.DockerTest3" name="openAmazon" time="4.668"/>
  <testcase classname="docker.DockerTest4" name="openAmazon" time="8.091"/>
  <testcase classname="docker.DockerTest5" name="openAmazon" time="6.088"/>
</testsuite> <!-- ChromeTest -->
