<?xml version="1.0" encoding="UTF-8"?>
<!-- Generated by org.testng.reporters.JUnitXMLReporter -->
<testsuite ignored="0" hostname="DESKTOP-REFGLCR" failures="0" tests="5" name="FirefoxTest" time="41.502" errors="0" timestamp="2024-06-28T17:28:29 IST">
  <testcase classname="docker.DockerTest" name="openAmazon" time="9.122"/>
  <testcase classname="docker.DockerTest2" name="openAmazon" time="8.477"/>
  <testcase classname="docker.DockerTest3" name="openAmazon" time="8.27"/>
  <testcase classname="docker.DockerTest4" name="openAmazon" time="8.409"/>
  <testcase classname="docker.DockerTest5" name="openAmazon" time="7.141"/>
</testsuite> <!-- FirefoxTest -->
