<?xml version="1.0" encoding="UTF-8"?>
<!-- Generated by org.testng.reporters.JUnitXMLReporter -->
<testsuite ignored="0" hostname="DESKTOP-REFGLCR" failures="0" tests="4" name="Test" time="25.874" errors="0" timestamp="2024-10-05T17:44:46 IST">
  <testcase classname="test.Flowtest" name="firstTestMethod" time="0.139"/>
  <testcase classname="test.Flowtest" name="secondTestMethod" time="4.173"/>
  <testcase classname="test.Flowtest" name="thirdTestMethod" time="7.54"/>
  <testcase classname="test.Flowtest" name="falseComparision" time="0.002"/>
</testsuite> <!-- Test -->
