<?xml version="1.0" encoding="UTF-8"?>
<!-- Generated by org.testng.reporters.JUnitXMLReporter -->
<testsuite ignored="0" hostname="DESKTOP-REFGLCR" failures="0" tests="4" name="Test" time="25.126" errors="0" timestamp="2024-07-03T08:52:57 IST">
  <testcase classname="test.Flowtest" name="firstTestMethod" time="0.146"/>
  <testcase classname="test.Flowtest" name="secondTestMethod" time="4.143"/>
  <testcase classname="test.Flowtest" name="thirdTestMethod" time="7.383"/>
  <testcase classname="test.Flowtest" name="falseComparision" time="0.012"/>
</testsuite> <!-- Test -->
