<?xml version="1.0" encoding="UTF-8"?>
<!-- Generated by org.testng.reporters.JUnitXMLReporter -->
<testsuite ignored="0" hostname="DESKTOP-REFGLCR" failures="0" tests="4" name="Test" time="24.081" errors="0" timestamp="2024-10-05T17:46:12 IST">
  <testcase classname="test.Flowtest" name="firstTestMethod" time="0.178"/>
  <testcase classname="test.Flowtest" name="secondTestMethod" time="4.161"/>
  <testcase classname="test.Flowtest" name="thirdTestMethod" time="7.491"/>
  <testcase classname="test.Flowtest" name="falseComparision" time="0.0"/>
</testsuite> <!-- Test -->
