<?xml version="1.0" encoding="UTF-8"?>
<testng-results ignored="0" total="4" passed="4" failed="0" skipped="0">
  <reporter-output>
  </reporter-output>
  <suite started-at="2024-07-03T08:48:03 IST" name="Suite" finished-at="2024-07-03T08:48:28 IST" duration-ms="24845">
    <groups>
    </groups>
    <test started-at="2024-07-03T08:48:03 IST" name="Test" finished-at="2024-07-03T08:48:28 IST" duration-ms="24845">
      <class name="Concepts.First">
        <test-method is-config="true" signature="beforeSuite()[pri:0, instance:Concepts.First@78047b92]" started-at="2024-07-03T08:48:03 IST" name="beforeSuite" finished-at="2024-07-03T08:48:03 IST" duration-ms="11" status="PASS">
          <reporter-output>
          </reporter-output>
        </test-method> <!-- beforeSuite -->
        <test-method is-config="true" signature="afterSuite()[pri:0, instance:Concepts.First@78047b92]" started-at="2024-07-03T08:48:28 IST" name="afterSuite" finished-at="2024-07-03T08:48:28 IST" duration-ms="1" status="PASS">
          <reporter-output>
          </reporter-output>
        </test-method> <!-- afterSuite -->
      </class> <!-- Concepts.First -->
      <class name="test.Flowtest">
        <test-method is-config="true" signature="setUp()[pri:0, instance:test.Flowtest@363a52f]" started-at="2024-07-03T08:48:03 IST" name="setUp" finished-at="2024-07-03T08:48:07 IST" duration-ms="3693" status="PASS">
          <reporter-output>
          </reporter-output>
        </test-method> <!-- setUp -->
        <test-method signature="firstTestMethod()[pri:1, instance:test.Flowtest@363a52f]" started-at="2024-07-03T08:48:07 IST" name="firstTestMethod" finished-at="2024-07-03T08:48:07 IST" duration-ms="138" status="PASS">
          <reporter-output>
          </reporter-output>
        </test-method> <!-- firstTestMethod -->
        <test-method is-config="true" signature="tearDown()[pri:0, instance:test.Flowtest@363a52f]" started-at="2024-07-03T08:48:07 IST" name="tearDown" finished-at="2024-07-03T08:48:07 IST" duration-ms="214" status="PASS">
          <reporter-output>
          </reporter-output>
        </test-method> <!-- tearDown -->
        <test-method is-config="true" signature="setUp()[pri:0, instance:test.Flowtest@363a52f]" started-at="2024-07-03T08:48:07 IST" name="setUp" finished-at="2024-07-03T08:48:10 IST" duration-ms="2713" status="PASS">
          <reporter-output>
          </reporter-output>
        </test-method> <!-- setUp -->
        <test-method signature="secondTestMethod()[pri:2, instance:test.Flowtest@363a52f]" started-at="2024-07-03T08:48:10 IST" name="secondTestMethod" finished-at="2024-07-03T08:48:14 IST" duration-ms="4164" status="PASS">
          <reporter-output>
          </reporter-output>
        </test-method> <!-- secondTestMethod -->
        <test-method is-config="true" signature="tearDown()[pri:0, instance:test.Flowtest@363a52f]" started-at="2024-07-03T08:48:14 IST" name="tearDown" finished-at="2024-07-03T08:48:14 IST" duration-ms="236" status="PASS">
          <reporter-output>
          </reporter-output>
        </test-method> <!-- tearDown -->
        <test-method is-config="true" signature="setUp()[pri:0, instance:test.Flowtest@363a52f]" started-at="2024-07-03T08:48:14 IST" name="setUp" finished-at="2024-07-03T08:48:17 IST" duration-ms="2916" status="PASS">
          <reporter-output>
          </reporter-output>
        </test-method> <!-- setUp -->
        <test-method signature="thirdTestMethod()[pri:3, instance:test.Flowtest@363a52f]" started-at="2024-07-03T08:48:17 IST" name="thirdTestMethod" finished-at="2024-07-03T08:48:25 IST" duration-ms="7448" status="PASS">
          <reporter-output>
          </reporter-output>
        </test-method> <!-- thirdTestMethod -->
        <test-method is-config="true" signature="tearDown()[pri:0, instance:test.Flowtest@363a52f]" started-at="2024-07-03T08:48:25 IST" name="tearDown" finished-at="2024-07-03T08:48:25 IST" duration-ms="180" status="PASS">
          <reporter-output>
          </reporter-output>
        </test-method> <!-- tearDown -->
        <test-method is-config="true" signature="setUp()[pri:0, instance:test.Flowtest@363a52f]" started-at="2024-07-03T08:48:25 IST" name="setUp" finished-at="2024-07-03T08:48:28 IST" duration-ms="2872" status="PASS">
          <reporter-output>
          </reporter-output>
        </test-method> <!-- setUp -->
        <test-method signature="falseComparision()[pri:4, instance:test.Flowtest@363a52f]" started-at="2024-07-03T08:48:28 IST" name="falseComparision" finished-at="2024-07-03T08:48:28 IST" duration-ms="2" status="PASS">
          <reporter-output>
          </reporter-output>
        </test-method> <!-- falseComparision -->
        <test-method is-config="true" signature="tearDown()[pri:0, instance:test.Flowtest@363a52f]" started-at="2024-07-03T08:48:28 IST" name="tearDown" finished-at="2024-07-03T08:48:28 IST" duration-ms="232" status="PASS">
          <reporter-output>
          </reporter-output>
        </test-method> <!-- tearDown -->
      </class> <!-- test.Flowtest -->
    </test> <!-- Test -->
  </suite> <!-- Suite -->
</testng-results>
