<?xml version="1.0" encoding="UTF-8"?>
<testng-results ignored="0" total="4" passed="4" failed="0" skipped="0">
  <reporter-output>
  </reporter-output>
  <suite started-at="2024-10-05T17:45:48 IST" name="Suite" finished-at="2024-10-05T17:46:12 IST" duration-ms="24081">
    <groups>
    </groups>
    <test started-at="2024-10-05T17:45:48 IST" name="Test" finished-at="2024-10-05T17:46:12 IST" duration-ms="24081">
      <class name="Concepts.First">
        <test-method is-config="true" signature="beforeSuite()[pri:0, instance:Concepts.First@6b19b79]" started-at="2024-10-05T17:45:35 IST" name="beforeSuite" finished-at="2024-10-05T17:45:48 IST" duration-ms="13025" status="PASS">
          <reporter-output>
          </reporter-output>
        </test-method> <!-- beforeSuite -->
        <test-method is-config="true" signature="afterSuite()[pri:0, instance:Concepts.First@6b19b79]" started-at="2024-10-05T17:46:12 IST" name="afterSuite" finished-at="2024-10-05T17:46:20 IST" duration-ms="7773" status="PASS">
          <reporter-output>
          </reporter-output>
        </test-method> <!-- afterSuite -->
      </class> <!-- Concepts.First -->
      <class name="test.Flowtest">
        <test-method is-config="true" signature="setUp()[pri:0, instance:test.Flowtest@4f5991f6]" started-at="2024-10-05T17:45:48 IST" name="setUp" finished-at="2024-10-05T17:45:53 IST" duration-ms="4230" status="PASS">
          <reporter-output>
          </reporter-output>
        </test-method> <!-- setUp -->
        <test-method signature="firstTestMethod()[pri:1, instance:test.Flowtest@4f5991f6]" started-at="2024-10-05T17:45:53 IST" name="firstTestMethod" finished-at="2024-10-05T17:45:53 IST" duration-ms="178" status="PASS">
          <reporter-output>
          </reporter-output>
        </test-method> <!-- firstTestMethod -->
        <test-method is-config="true" signature="tearDown()[pri:0, instance:test.Flowtest@4f5991f6]" started-at="2024-10-05T17:45:53 IST" name="tearDown" finished-at="2024-10-05T17:45:53 IST" duration-ms="162" status="PASS">
          <reporter-output>
          </reporter-output>
        </test-method> <!-- tearDown -->
        <test-method is-config="true" signature="setUp()[pri:0, instance:test.Flowtest@4f5991f6]" started-at="2024-10-05T17:45:53 IST" name="setUp" finished-at="2024-10-05T17:45:55 IST" duration-ms="2385" status="PASS">
          <reporter-output>
          </reporter-output>
        </test-method> <!-- setUp -->
        <test-method signature="secondTestMethod()[pri:2, instance:test.Flowtest@4f5991f6]" started-at="2024-10-05T17:45:55 IST" name="secondTestMethod" finished-at="2024-10-05T17:45:59 IST" duration-ms="4161" status="PASS">
          <reporter-output>
          </reporter-output>
        </test-method> <!-- secondTestMethod -->
        <test-method is-config="true" signature="tearDown()[pri:0, instance:test.Flowtest@4f5991f6]" started-at="2024-10-05T17:45:59 IST" name="tearDown" finished-at="2024-10-05T17:46:00 IST" duration-ms="105" status="PASS">
          <reporter-output>
          </reporter-output>
        </test-method> <!-- tearDown -->
        <test-method is-config="true" signature="setUp()[pri:0, instance:test.Flowtest@4f5991f6]" started-at="2024-10-05T17:46:00 IST" name="setUp" finished-at="2024-10-05T17:46:02 IST" duration-ms="2359" status="PASS">
          <reporter-output>
          </reporter-output>
        </test-method> <!-- setUp -->
        <test-method signature="thirdTestMethod()[pri:3, instance:test.Flowtest@4f5991f6]" started-at="2024-10-05T17:46:02 IST" name="thirdTestMethod" finished-at="2024-10-05T17:46:09 IST" duration-ms="7491" status="PASS">
          <reporter-output>
          </reporter-output>
        </test-method> <!-- thirdTestMethod -->
        <test-method is-config="true" signature="tearDown()[pri:0, instance:test.Flowtest@4f5991f6]" started-at="2024-10-05T17:46:09 IST" name="tearDown" finished-at="2024-10-05T17:46:10 IST" duration-ms="115" status="PASS">
          <reporter-output>
          </reporter-output>
        </test-method> <!-- tearDown -->
        <test-method is-config="true" signature="setUp()[pri:0, instance:test.Flowtest@4f5991f6]" started-at="2024-10-05T17:46:10 IST" name="setUp" finished-at="2024-10-05T17:46:12 IST" duration-ms="2725" status="PASS">
          <reporter-output>
          </reporter-output>
        </test-method> <!-- setUp -->
        <test-method signature="falseComparision()[pri:4, instance:test.Flowtest@4f5991f6]" started-at="2024-10-05T17:46:12 IST" name="falseComparision" finished-at="2024-10-05T17:46:12 IST" duration-ms="0" status="PASS">
          <reporter-output>
          </reporter-output>
        </test-method> <!-- falseComparision -->
        <test-method is-config="true" signature="tearDown()[pri:0, instance:test.Flowtest@4f5991f6]" started-at="2024-10-05T17:46:12 IST" name="tearDown" finished-at="2024-10-05T17:46:12 IST" duration-ms="107" status="PASS">
          <reporter-output>
          </reporter-output>
        </test-method> <!-- tearDown -->
      </class> <!-- test.Flowtest -->
    </test> <!-- Test -->
  </suite> <!-- Suite -->
</testng-results>
