<?xml version="1.0" encoding="UTF-8"?>
<testng-results ignored="0" total="4" passed="4" failed="0" skipped="0">
  <reporter-output>
  </reporter-output>
  <suite started-at="2024-10-05T17:44:20 IST" name="Suite" finished-at="2024-10-05T17:44:46 IST" duration-ms="25874">
    <groups>
    </groups>
    <test started-at="2024-10-05T17:44:20 IST" name="Test" finished-at="2024-10-05T17:44:46 IST" duration-ms="25874">
      <class name="Concepts.First">
        <test-method is-config="true" signature="beforeSuite()[pri:0, instance:Concepts.First@13fd2ccd]" started-at="2024-10-05T17:44:07 IST" name="beforeSuite" finished-at="2024-10-05T17:44:20 IST" duration-ms="13032" status="PASS">
          <reporter-output>
          </reporter-output>
        </test-method> <!-- beforeSuite -->
        <test-method is-config="true" signature="afterSuite()[pri:0, instance:Concepts.First@13fd2ccd]" started-at="2024-10-05T17:44:46 IST" name="afterSuite" finished-at="2024-10-05T17:44:54 IST" duration-ms="8881" status="PASS">
          <reporter-output>
          </reporter-output>
        </test-method> <!-- afterSuite -->
      </class> <!-- Concepts.First -->
      <class name="test.Flowtest">
        <test-method is-config="true" signature="setUp()[pri:0, instance:test.Flowtest@69637b10]" started-at="2024-10-05T17:44:20 IST" name="setUp" finished-at="2024-10-05T17:44:24 IST" duration-ms="3919" status="PASS">
          <reporter-output>
          </reporter-output>
        </test-method> <!-- setUp -->
        <test-method signature="firstTestMethod()[pri:1, instance:test.Flowtest@69637b10]" started-at="2024-10-05T17:44:24 IST" name="firstTestMethod" finished-at="2024-10-05T17:44:24 IST" duration-ms="139" status="PASS">
          <reporter-output>
          </reporter-output>
        </test-method> <!-- firstTestMethod -->
        <test-method is-config="true" signature="tearDown()[pri:0, instance:test.Flowtest@69637b10]" started-at="2024-10-05T17:44:24 IST" name="tearDown" finished-at="2024-10-05T17:44:24 IST" duration-ms="170" status="PASS">
          <reporter-output>
          </reporter-output>
        </test-method> <!-- tearDown -->
        <test-method is-config="true" signature="setUp()[pri:0, instance:test.Flowtest@69637b10]" started-at="2024-10-05T17:44:24 IST" name="setUp" finished-at="2024-10-05T17:44:26 IST" duration-ms="2403" status="PASS">
          <reporter-output>
          </reporter-output>
        </test-method> <!-- setUp -->
        <test-method signature="secondTestMethod()[pri:2, instance:test.Flowtest@69637b10]" started-at="2024-10-05T17:44:26 IST" name="secondTestMethod" finished-at="2024-10-05T17:44:30 IST" duration-ms="4173" status="PASS">
          <reporter-output>
          </reporter-output>
        </test-method> <!-- secondTestMethod -->
        <test-method is-config="true" signature="tearDown()[pri:0, instance:test.Flowtest@69637b10]" started-at="2024-10-05T17:44:30 IST" name="tearDown" finished-at="2024-10-05T17:44:31 IST" duration-ms="102" status="PASS">
          <reporter-output>
          </reporter-output>
        </test-method> <!-- tearDown -->
        <test-method is-config="true" signature="setUp()[pri:0, instance:test.Flowtest@69637b10]" started-at="2024-10-05T17:44:31 IST" name="setUp" finished-at="2024-10-05T17:44:33 IST" duration-ms="2443" status="PASS">
          <reporter-output>
          </reporter-output>
        </test-method> <!-- setUp -->
        <test-method signature="thirdTestMethod()[pri:3, instance:test.Flowtest@69637b10]" started-at="2024-10-05T17:44:33 IST" name="thirdTestMethod" finished-at="2024-10-05T17:44:41 IST" duration-ms="7540" status="PASS">
          <reporter-output>
          </reporter-output>
        </test-method> <!-- thirdTestMethod -->
        <test-method is-config="true" signature="tearDown()[pri:0, instance:test.Flowtest@69637b10]" started-at="2024-10-05T17:44:41 IST" name="tearDown" finished-at="2024-10-05T17:44:41 IST" duration-ms="108" status="PASS">
          <reporter-output>
          </reporter-output>
        </test-method> <!-- tearDown -->
        <test-method is-config="true" signature="setUp()[pri:0, instance:test.Flowtest@69637b10]" started-at="2024-10-05T17:44:41 IST" name="setUp" finished-at="2024-10-05T17:44:45 IST" duration-ms="4648" status="PASS">
          <reporter-output>
          </reporter-output>
        </test-method> <!-- setUp -->
        <test-method signature="falseComparision()[pri:4, instance:test.Flowtest@69637b10]" started-at="2024-10-05T17:44:45 IST" name="falseComparision" finished-at="2024-10-05T17:44:45 IST" duration-ms="2" status="PASS">
          <reporter-output>
          </reporter-output>
        </test-method> <!-- falseComparision -->
        <test-method is-config="true" signature="tearDown()[pri:0, instance:test.Flowtest@69637b10]" started-at="2024-10-05T17:44:45 IST" name="tearDown" finished-at="2024-10-05T17:44:46 IST" duration-ms="158" status="PASS">
          <reporter-output>
          </reporter-output>
        </test-method> <!-- tearDown -->
      </class> <!-- test.Flowtest -->
    </test> <!-- Test -->
  </suite> <!-- Suite -->
</testng-results>
